Release 14.7 - xst P.20131013 (lin64)
Copyright (c) 1995-2013 Xilinx, Inc.  All rights reserved.
--> 
Parameter TMPDIR set to xst/projnav.tmp


Total REAL time to Xst completion: 0.00 secs
Total CPU time to Xst completion: 0.03 secs
 
--> 
Parameter xsthdpdir set to xst


Total REAL time to Xst completion: 0.00 secs
Total CPU time to Xst completion: 0.04 secs
 
--> 
Reading design: ALU.prj

TABLE OF CONTENTS
  1) Synthesis Options Summary
  2) HDL Parsing
  3) HDL Elaboration
  4) HDL Synthesis
       4.1) HDL Synthesis Report
  5) Advanced HDL Synthesis
       5.1) Advanced HDL Synthesis Report
  6) Low Level Synthesis
  7) Partition Report
  8) Design Summary
       8.1) Primitive and Black Box Usage
       8.2) Device utilization summary
       8.3) Partition Resource Summary
       8.4) Timing Report
            8.4.1) Clock Information
            8.4.2) Asynchronous Control Signals Information
            8.4.3) Timing Summary
            8.4.4) Timing Details
            8.4.5) Cross Clock Domains Report


=========================================================================
*                      Synthesis Options Summary                        *
=========================================================================
---- Source Parameters
Input File Name                    : "ALU.prj"
Ignore Synthesis Constraint File   : NO

---- Target Parameters
Output File Name                   : "ALU"
Output Format                      : NGC
Target Device                      : xc7a100t-3-csg324

---- Source Options
Top Module Name                    : ALU
Automatic FSM Extraction           : YES
FSM Encoding Algorithm             : Auto
Safe Implementation                : No
FSM Style                          : LUT
RAM Extraction                     : Yes
RAM Style                          : Auto
ROM Extraction                     : Yes
Shift Register Extraction          : YES
ROM Style                          : Auto
Resource Sharing                   : YES
Asynchronous To Synchronous        : NO
Shift Register Minimum Size        : 2
Use DSP Block                      : Auto
Automatic Register Balancing       : No

---- Target Options
LUT Combining                      : Auto
Reduce Control Sets                : Auto
Add IO Buffers                     : YES
Global Maximum Fanout              : 100000
Add Generic Clock Buffer(BUFG)     : 32
Register Duplication               : YES
Optimize Instantiated Primitives   : NO
Use Clock Enable                   : Auto
Use Synchronous Set                : Auto
Use Synchronous Reset              : Auto
Pack IO Registers into IOBs        : Auto
Equivalent register Removal        : YES

---- General Options
Optimization Goal                  : Speed
Optimization Effort                : 1
Power Reduction                    : NO
Keep Hierarchy                     : No
Netlist Hierarchy                  : As_Optimized
RTL Output                         : Yes
Global Optimization                : AllClockNets
Read Cores                         : YES
Write Timing Constraints           : NO
Cross Clock Analysis               : NO
Hierarchy Separator                : /
Bus Delimiter                      : <>
Case Specifier                     : Maintain
Slice Utilization Ratio            : 100
BRAM Utilization Ratio             : 100
DSP48 Utilization Ratio            : 100
Auto BRAM Packing                  : NO
Slice Utilization Ratio Delta      : 5

=========================================================================


=========================================================================
*                          HDL Parsing                                  *
=========================================================================
Parsing VHDL file "/home/carioca/Desktop/comp_arch_help/HPY302_LAB/ALU.vhd" into library work
Parsing entity <ALU>.
Parsing architecture <Behavioral> of entity <alu>.

=========================================================================
*                            HDL Elaboration                            *
=========================================================================

Elaborating entity <ALU> (architecture <Behavioral>) from library <work>.
WARNING:HDLCompiler:92 - "/home/carioca/Desktop/comp_arch_help/HPY302_LAB/ALU.vhd" Line 75: tempout should be on the sensitivity list of the process

=========================================================================
*                           HDL Synthesis                               *
=========================================================================

Synthesizing Unit <ALU>.
    Related source file is "/home/carioca/Desktop/comp_arch_help/HPY302_LAB/ALU.vhd".
    Found 32-bit adder for signal <A[31]_B[31]_add_1_OUT> created at line 52.
    Found 32-bit subtractor for signal <GND_6_o_GND_6_o_sub_4_OUT<31:0>> created at line 54.
    Found 1-bit 11-to-1 multiplexer for signal <tempOut[31]_A[31]_MUX_43_o> created at line 51.
    Found 1-bit 10-to-1 multiplexer for signal <tempOut[31]_A[31]_MUX_384_o> created at line 51.
WARNING:Xst:737 - Found 1-bit latch for signal <tempOut<30>>. Latches may be generated from incomplete case or if statements. We do not recommend the use of latches in FPGA/CPLD designs, as they may lead to timing problems.
WARNING:Xst:737 - Found 1-bit latch for signal <tempOut<29>>. Latches may be generated from incomplete case or if statements. We do not recommend the use of latches in FPGA/CPLD designs, as they may lead to timing problems.
WARNING:Xst:737 - Found 1-bit latch for signal <tempOut<28>>. Latches may be generated from incomplete case or if statements. We do not recommend the use of latches in FPGA/CPLD designs, as they may lead to timing problems.
WARNING:Xst:737 - Found 1-bit latch for signal <tempOut<27>>. Latches may be generated from incomplete case or if statements. We do not recommend the use of latches in FPGA/CPLD designs, as they may lead to timing problems.
WARNING:Xst:737 - Found 1-bit latch for signal <tempOut<26>>. Latches may be generated from incomplete case or if statements. We do not recommend the use of latches in FPGA/CPLD designs, as they may lead to timing problems.
WARNING:Xst:737 - Found 1-bit latch for signal <tempOut<25>>. Latches may be generated from incomplete case or if statements. We do not recommend the use of latches in FPGA/CPLD designs, as they may lead to timing problems.
WARNING:Xst:737 - Found 1-bit latch for signal <tempOut<24>>. Latches may be generated from incomplete case or if statements. We do not recommend the use of latches in FPGA/CPLD designs, as they may lead to timing problems.
WARNING:Xst:737 - Found 1-bit latch for signal <tempOut<23>>. Latches may be generated from incomplete case or if statements. We do not recommend the use of latches in FPGA/CPLD designs, as they may lead to timing problems.
WARNING:Xst:737 - Found 1-bit latch for signal <tempOut<22>>. Latches may be generated from incomplete case or if statements. We do not recommend the use of latches in FPGA/CPLD designs, as they may lead to timing problems.
WARNING:Xst:737 - Found 1-bit latch for signal <tempOut<21>>. Latches may be generated from incomplete case or if statements. We do not recommend the use of latches in FPGA/CPLD designs, as they may lead to timing problems.
WARNING:Xst:737 - Found 1-bit latch for signal <tempOut<20>>. Latches may be generated from incomplete case or if statements. We do not recommend the use of latches in FPGA/CPLD designs, as they may lead to timing problems.
WARNING:Xst:737 - Found 1-bit latch for signal <tempOut<19>>. Latches may be generated from incomplete case or if statements. We do not recommend the use of latches in FPGA/CPLD designs, as they may lead to timing problems.
WARNING:Xst:737 - Found 1-bit latch for signal <tempOut<18>>. Latches may be generated from incomplete case or if statements. We do not recommend the use of latches in FPGA/CPLD designs, as they may lead to timing problems.
WARNING:Xst:737 - Found 1-bit latch for signal <tempOut<17>>. Latches may be generated from incomplete case or if statements. We do not recommend the use of latches in FPGA/CPLD designs, as they may lead to timing problems.
WARNING:Xst:737 - Found 1-bit latch for signal <tempOut<16>>. Latches may be generated from incomplete case or if statements. We do not recommend the use of latches in FPGA/CPLD designs, as they may lead to timing problems.
WARNING:Xst:737 - Found 1-bit latch for signal <tempOut<15>>. Latches may be generated from incomplete case or if statements. We do not recommend the use of latches in FPGA/CPLD designs, as they may lead to timing problems.
WARNING:Xst:737 - Found 1-bit latch for signal <tempOut<14>>. Latches may be generated from incomplete case or if statements. We do not recommend the use of latches in FPGA/CPLD designs, as they may lead to timing problems.
WARNING:Xst:737 - Found 1-bit latch for signal <tempOut<13>>. Latches may be generated from incomplete case or if statements. We do not recommend the use of latches in FPGA/CPLD designs, as they may lead to timing problems.
WARNING:Xst:737 - Found 1-bit latch for signal <tempOut<12>>. Latches may be generated from incomplete case or if statements. We do not recommend the use of latches in FPGA/CPLD designs, as they may lead to timing problems.
WARNING:Xst:737 - Found 1-bit latch for signal <tempOut<11>>. Latches may be generated from incomplete case or if statements. We do not recommend the use of latches in FPGA/CPLD designs, as they may lead to timing problems.
WARNING:Xst:737 - Found 1-bit latch for signal <tempOut<10>>. Latches may be generated from incomplete case or if statements. We do not recommend the use of latches in FPGA/CPLD designs, as they may lead to timing problems.
WARNING:Xst:737 - Found 1-bit latch for signal <tempOut<9>>. Latches may be generated from incomplete case or if statements. We do not recommend the use of latches in FPGA/CPLD designs, as they may lead to timing problems.
WARNING:Xst:737 - Found 1-bit latch for signal <tempOut<8>>. Latches may be generated from incomplete case or if statements. We do not recommend the use of latches in FPGA/CPLD designs, as they may lead to timing problems.
WARNING:Xst:737 - Found 1-bit latch for signal <tempOut<7>>. Latches may be generated from incomplete case or if statements. We do not recommend the use of latches in FPGA/CPLD designs, as they may lead to timing problems.
WARNING:Xst:737 - Found 1-bit latch for signal <tempOut<6>>. Latches may be generated from incomplete case or if statements. We do not recommend the use of latches in FPGA/CPLD designs, as they may lead to timing problems.
WARNING:Xst:737 - Found 1-bit latch for signal <tempOut<5>>. Latches may be generated from incomplete case or if statements. We do not recommend the use of latches in FPGA/CPLD designs, as they may lead to timing problems.
WARNING:Xst:737 - Found 1-bit latch for signal <tempOut<4>>. Latches may be generated from incomplete case or if statements. We do not recommend the use of latches in FPGA/CPLD designs, as they may lead to timing problems.
WARNING:Xst:737 - Found 1-bit latch for signal <tempOut<3>>. Latches may be generated from incomplete case or if statements. We do not recommend the use of latches in FPGA/CPLD designs, as they may lead to timing problems.
WARNING:Xst:737 - Found 1-bit latch for signal <tempOut<2>>. Latches may be generated from incomplete case or if statements. We do not recommend the use of latches in FPGA/CPLD designs, as they may lead to timing problems.
WARNING:Xst:737 - Found 1-bit latch for signal <tempOut<1>>. Latches may be generated from incomplete case or if statements. We do not recommend the use of latches in FPGA/CPLD designs, as they may lead to timing problems.
WARNING:Xst:737 - Found 1-bit latch for signal <tempOut<0>>. Latches may be generated from incomplete case or if statements. We do not recommend the use of latches in FPGA/CPLD designs, as they may lead to timing problems.
WARNING:Xst:737 - Found 1-bit latch for signal <tempOut<31>>. Latches may be generated from incomplete case or if statements. We do not recommend the use of latches in FPGA/CPLD designs, as they may lead to timing problems.
    Summary:
	inferred   2 Adder/Subtractor(s).
	inferred  32 Latch(s).
	inferred 332 Multiplexer(s).
Unit <ALU> synthesized.

=========================================================================
HDL Synthesis Report

Macro Statistics
# Adders/Subtractors                                   : 2
 32-bit adder                                          : 1
 32-bit subtractor                                     : 1
# Latches                                              : 32
 1-bit latch                                           : 32
# Multiplexers                                         : 332
 1-bit 10-to-1 multiplexer                             : 1
 1-bit 11-to-1 multiplexer                             : 1
 1-bit 2-to-1 multiplexer                              : 330

=========================================================================

=========================================================================
*                       Advanced HDL Synthesis                          *
=========================================================================


=========================================================================
Advanced HDL Synthesis Report

Macro Statistics
# Adders/Subtractors                                   : 2
 32-bit adder                                          : 1
 32-bit subtractor                                     : 1
# Multiplexers                                         : 332
 1-bit 10-to-1 multiplexer                             : 1
 1-bit 11-to-1 multiplexer                             : 1
 1-bit 2-to-1 multiplexer                              : 330

=========================================================================

=========================================================================
*                         Low Level Synthesis                           *
=========================================================================

Optimizing unit <ALU> ...

Mapping all equations...
Building and optimizing final netlist ...
Found area constraint ratio of 100 (+ 5) on block ALU, actual ratio is 0.

Final Macro Processing ...

=========================================================================
Final Register Report

Found no macro
=========================================================================

=========================================================================
*                           Partition Report                            *
=========================================================================

Partition Implementation Status
-------------------------------

  No Partitions were found in this design.

-------------------------------

=========================================================================
*                            Design Summary                             *
=========================================================================

Top Level Output File Name         : ALU.ngc

Primitive and Black Box Usage:
------------------------------
# BELS                             : 328
#      GND                         : 1
#      LUT2                        : 65
#      LUT3                        : 1
#      LUT4                        : 30
#      LUT5                        : 33
#      LUT6                        : 69
#      MUXCY                       : 62
#      MUXF7                       : 2
#      VCC                         : 1
#      XORCY                       : 64
# FlipFlops/Latches                : 32
#      LD                          : 32
# Clock Buffers                    : 1
#      BUFG                        : 1
# IO Buffers                       : 69
#      IBUF                        : 68
#      OBUF                        : 1

Device utilization summary:
---------------------------

Selected Device : 7a100tcsg324-3 


Slice Logic Utilization: 
 Number of Slice Registers:              32  out of  126800     0%  
 Number of Slice LUTs:                  198  out of  63400     0%  
    Number used as Logic:               198  out of  63400     0%  

Slice Logic Distribution: 
 Number of LUT Flip Flop pairs used:    198
   Number with an unused Flip Flop:     166  out of    198    83%  
   Number with an unused LUT:             0  out of    198     0%  
   Number of fully used LUT-FF pairs:    32  out of    198    16%  
   Number of unique control sets:         1

IO Utilization: 
 Number of IOs:                         103
 Number of bonded IOBs:                  69  out of    210    32%  

Specific Feature Utilization:
 Number of BUFG/BUFGCTRLs:                1  out of     32     3%  

---------------------------
Partition Resource Summary:
---------------------------

  No Partitions were found in this design.

---------------------------


=========================================================================
Timing Report

NOTE: THESE TIMING NUMBERS ARE ONLY A SYNTHESIS ESTIMATE.
      FOR ACCURATE TIMING INFORMATION PLEASE REFER TO THE TRACE REPORT
      GENERATED AFTER PLACE-and-ROUTE.

Clock Information:
------------------
-------------------------------------------+------------------------+-------+
Clock Signal                               | Clock buffer(FF name)  | Load  |
-------------------------------------------+------------------------+-------+
Op[3]_Op[3]_OR_86_o(Op[3]_Op[3]_OR_86_o1:O)| BUFG(*)(tempOut_0)     | 32    |
-------------------------------------------+------------------------+-------+
(*) This 1 clock signal(s) are generated by combinatorial logic,
and XST is not able to identify which are the primary clock signals.
Please use the CLOCK_SIGNAL constraint to specify the clock signal(s) generated by combinatorial logic.

Asynchronous Control Signals Information:
----------------------------------------
No asynchronous control signals found in this design

Timing Summary:
---------------
Speed Grade: -3

   Minimum period: No path found
   Minimum input arrival time before clock: 3.059ns
   Maximum output required time after clock: 2.332ns
   Maximum combinational path delay: No path found

Timing Details:
---------------
All values displayed in nanoseconds (ns)

=========================================================================
Timing constraint: Default OFFSET IN BEFORE for Clock 'Op[3]_Op[3]_OR_86_o'
  Total number of paths / destination ports: 3612 / 32
-------------------------------------------------------------------------
Offset:              3.059ns (Levels of Logic = 37)
  Source:            A<0> (PAD)
  Destination:       tempOut_31 (LATCH)
  Destination Clock: Op[3]_Op[3]_OR_86_o falling

  Data Path: A<0> to tempOut_31
                                Gate     Net
    Cell:in->out      fanout   Delay   Delay  Logical Name (Net Name)
    ----------------------------------------  ------------
     IBUF:I->O             6   0.001   0.402  A_0_IBUF (A_0_IBUF)
     LUT2:I0->O            1   0.097   0.000  Msub_GND_6_o_GND_6_o_sub_4_OUT<31:0>_lut<0> (Msub_GND_6_o_GND_6_o_sub_4_OUT<31:0>_lut<0>)
     MUXCY:S->O            1   0.353   0.000  Msub_GND_6_o_GND_6_o_sub_4_OUT<31:0>_cy<0> (Msub_GND_6_o_GND_6_o_sub_4_OUT<31:0>_cy<0>)
     MUXCY:CI->O           1   0.023   0.000  Msub_GND_6_o_GND_6_o_sub_4_OUT<31:0>_cy<1> (Msub_GND_6_o_GND_6_o_sub_4_OUT<31:0>_cy<1>)
     MUXCY:CI->O           1   0.023   0.000  Msub_GND_6_o_GND_6_o_sub_4_OUT<31:0>_cy<2> (Msub_GND_6_o_GND_6_o_sub_4_OUT<31:0>_cy<2>)
     MUXCY:CI->O           1   0.023   0.000  Msub_GND_6_o_GND_6_o_sub_4_OUT<31:0>_cy<3> (Msub_GND_6_o_GND_6_o_sub_4_OUT<31:0>_cy<3>)
     MUXCY:CI->O           1   0.023   0.000  Msub_GND_6_o_GND_6_o_sub_4_OUT<31:0>_cy<4> (Msub_GND_6_o_GND_6_o_sub_4_OUT<31:0>_cy<4>)
     MUXCY:CI->O           1   0.023   0.000  Msub_GND_6_o_GND_6_o_sub_4_OUT<31:0>_cy<5> (Msub_GND_6_o_GND_6_o_sub_4_OUT<31:0>_cy<5>)
     MUXCY:CI->O           1   0.023   0.000  Msub_GND_6_o_GND_6_o_sub_4_OUT<31:0>_cy<6> (Msub_GND_6_o_GND_6_o_sub_4_OUT<31:0>_cy<6>)
     MUXCY:CI->O           1   0.023   0.000  Msub_GND_6_o_GND_6_o_sub_4_OUT<31:0>_cy<7> (Msub_GND_6_o_GND_6_o_sub_4_OUT<31:0>_cy<7>)
     MUXCY:CI->O           1   0.023   0.000  Msub_GND_6_o_GND_6_o_sub_4_OUT<31:0>_cy<8> (Msub_GND_6_o_GND_6_o_sub_4_OUT<31:0>_cy<8>)
     MUXCY:CI->O           1   0.023   0.000  Msub_GND_6_o_GND_6_o_sub_4_OUT<31:0>_cy<9> (Msub_GND_6_o_GND_6_o_sub_4_OUT<31:0>_cy<9>)
     MUXCY:CI->O           1   0.023   0.000  Msub_GND_6_o_GND_6_o_sub_4_OUT<31:0>_cy<10> (Msub_GND_6_o_GND_6_o_sub_4_OUT<31:0>_cy<10>)
     MUXCY:CI->O           1   0.023   0.000  Msub_GND_6_o_GND_6_o_sub_4_OUT<31:0>_cy<11> (Msub_GND_6_o_GND_6_o_sub_4_OUT<31:0>_cy<11>)
     MUXCY:CI->O           1   0.023   0.000  Msub_GND_6_o_GND_6_o_sub_4_OUT<31:0>_cy<12> (Msub_GND_6_o_GND_6_o_sub_4_OUT<31:0>_cy<12>)
     MUXCY:CI->O           1   0.023   0.000  Msub_GND_6_o_GND_6_o_sub_4_OUT<31:0>_cy<13> (Msub_GND_6_o_GND_6_o_sub_4_OUT<31:0>_cy<13>)
     MUXCY:CI->O           1   0.023   0.000  Msub_GND_6_o_GND_6_o_sub_4_OUT<31:0>_cy<14> (Msub_GND_6_o_GND_6_o_sub_4_OUT<31:0>_cy<14>)
     MUXCY:CI->O           1   0.023   0.000  Msub_GND_6_o_GND_6_o_sub_4_OUT<31:0>_cy<15> (Msub_GND_6_o_GND_6_o_sub_4_OUT<31:0>_cy<15>)
     MUXCY:CI->O           1   0.023   0.000  Msub_GND_6_o_GND_6_o_sub_4_OUT<31:0>_cy<16> (Msub_GND_6_o_GND_6_o_sub_4_OUT<31:0>_cy<16>)
     MUXCY:CI->O           1   0.023   0.000  Msub_GND_6_o_GND_6_o_sub_4_OUT<31:0>_cy<17> (Msub_GND_6_o_GND_6_o_sub_4_OUT<31:0>_cy<17>)
     MUXCY:CI->O           1   0.023   0.000  Msub_GND_6_o_GND_6_o_sub_4_OUT<31:0>_cy<18> (Msub_GND_6_o_GND_6_o_sub_4_OUT<31:0>_cy<18>)
     MUXCY:CI->O           1   0.023   0.000  Msub_GND_6_o_GND_6_o_sub_4_OUT<31:0>_cy<19> (Msub_GND_6_o_GND_6_o_sub_4_OUT<31:0>_cy<19>)
     MUXCY:CI->O           1   0.023   0.000  Msub_GND_6_o_GND_6_o_sub_4_OUT<31:0>_cy<20> (Msub_GND_6_o_GND_6_o_sub_4_OUT<31:0>_cy<20>)
     MUXCY:CI->O           1   0.023   0.000  Msub_GND_6_o_GND_6_o_sub_4_OUT<31:0>_cy<21> (Msub_GND_6_o_GND_6_o_sub_4_OUT<31:0>_cy<21>)
     MUXCY:CI->O           1   0.023   0.000  Msub_GND_6_o_GND_6_o_sub_4_OUT<31:0>_cy<22> (Msub_GND_6_o_GND_6_o_sub_4_OUT<31:0>_cy<22>)
     MUXCY:CI->O           1   0.023   0.000  Msub_GND_6_o_GND_6_o_sub_4_OUT<31:0>_cy<23> (Msub_GND_6_o_GND_6_o_sub_4_OUT<31:0>_cy<23>)
     MUXCY:CI->O           1   0.023   0.000  Msub_GND_6_o_GND_6_o_sub_4_OUT<31:0>_cy<24> (Msub_GND_6_o_GND_6_o_sub_4_OUT<31:0>_cy<24>)
     MUXCY:CI->O           1   0.023   0.000  Msub_GND_6_o_GND_6_o_sub_4_OUT<31:0>_cy<25> (Msub_GND_6_o_GND_6_o_sub_4_OUT<31:0>_cy<25>)
     MUXCY:CI->O           1   0.023   0.000  Msub_GND_6_o_GND_6_o_sub_4_OUT<31:0>_cy<26> (Msub_GND_6_o_GND_6_o_sub_4_OUT<31:0>_cy<26>)
     MUXCY:CI->O           1   0.023   0.000  Msub_GND_6_o_GND_6_o_sub_4_OUT<31:0>_cy<27> (Msub_GND_6_o_GND_6_o_sub_4_OUT<31:0>_cy<27>)
     MUXCY:CI->O           1   0.023   0.000  Msub_GND_6_o_GND_6_o_sub_4_OUT<31:0>_cy<28> (Msub_GND_6_o_GND_6_o_sub_4_OUT<31:0>_cy<28>)
     MUXCY:CI->O           1   0.023   0.000  Msub_GND_6_o_GND_6_o_sub_4_OUT<31:0>_cy<29> (Msub_GND_6_o_GND_6_o_sub_4_OUT<31:0>_cy<29>)
     MUXCY:CI->O           0   0.023   0.000  Msub_GND_6_o_GND_6_o_sub_4_OUT<31:0>_cy<30> (Msub_GND_6_o_GND_6_o_sub_4_OUT<31:0>_cy<30>)
     XORCY:CI->O           1   0.370   0.379  Msub_GND_6_o_GND_6_o_sub_4_OUT<31:0>_xor<31> (GND_6_o_GND_6_o_sub_4_OUT<31>)
     LUT6:I4->O            1   0.097   0.295  Mmux_tempOut[31]_A[31]_MUX_43_o23 (Mmux_tempOut[31]_A[31]_MUX_43_o22)
     LUT5:I4->O            1   0.097   0.000  Mmux_tempOut[31]_A[31]_MUX_43_o24_F (N6)
     MUXF7:I0->O           1   0.277   0.000  Mmux_tempOut[31]_A[31]_MUX_43_o24 (tempOut[31]_A[31]_MUX_43_o)
     LD:D                     -0.028          tempOut_31
    ----------------------------------------
    Total                      3.059ns (1.982ns logic, 1.077ns route)
                                       (64.8% logic, 35.2% route)

=========================================================================
Timing constraint: Default OFFSET OUT AFTER for Clock 'Op[3]_Op[3]_OR_86_o'
  Total number of paths / destination ports: 32 / 1
-------------------------------------------------------------------------
Offset:              2.332ns (Levels of Logic = 3)
  Source:            tempOut_13 (LATCH)
  Destination:       Zero (PAD)
  Source Clock:      Op[3]_Op[3]_OR_86_o falling

  Data Path: tempOut_13 to Zero
                                Gate     Net
    Cell:in->out      fanout   Delay   Delay  Logical Name (Net Name)
    ----------------------------------------  ------------
     LD:G->Q               1   0.472   0.693  tempOut_13 (tempOut_13)
     LUT6:I0->O            1   0.097   0.693  Zero<31>1 (Zero<31>)
     LUT6:I0->O            1   0.097   0.279  Zero<31>7 (Zero_OBUF)
     OBUF:I->O                 0.000          Zero_OBUF (Zero)
    ----------------------------------------
    Total                      2.332ns (0.666ns logic, 1.666ns route)
                                       (28.6% logic, 71.4% route)

=========================================================================

Cross Clock Domains Report:
--------------------------

=========================================================================


Total REAL time to Xst completion: 7.00 secs
Total CPU time to Xst completion: 7.15 secs
 
--> 


Total memory usage is 490424 kilobytes

Number of errors   :    0 (   0 filtered)
Number of warnings :   33 (   0 filtered)
Number of infos    :    0 (   0 filtered)

