ISim log file
Running: /home/carioca/Desktop/comp_arch_help/HPY302_LAB/PROC_SC_tb_isim_beh.exe -intstyle ise -gui -tclbatch isim.cmd -wdb /home/carioca/Desktop/comp_arch_help/HPY302_LAB/PROC_SC_tb_isim_beh.wdb 
ISim P.20131013 (signature 0xfbc00daa)
This is a Full version of ISim.
Time resolution is 1 ps
# onerror resume
# wave add /
# run 1000 ns
Simulator is doing circuit initialization process.
at 0 ps, Instance /proc_sc_tb/uut/data_path/if_stage/incrementor/ : Warning: NUMERIC_STD.TO_INTEGER: metavalue detected, returning 0
at 0 ps, Instance /proc_sc_tb/uut/data_path/dec_stage/RF/decoder_map/ : Warning: NUMERIC_STD.TO_INTEGER: metavalue detected, returning 0
at 0 ps, Instance /proc_sc_tb/uut/data_path/mem_stage/ : Warning: There is an 'U'|'X'|'W'|'Z'|'-' in an arithmetic operand, the result will be 'X'(es).
at 0 ps, Instance /proc_sc_tb/uut/random_access_memory/ : Warning: NUMERIC_STD.TO_INTEGER: metavalue detected, returning 0
at 0 ps, Instance /proc_sc_tb/uut/random_access_memory/ : Warning: NUMERIC_STD.TO_INTEGER: metavalue detected, returning 0
Finished circuit initialization process.
at 0 ps, Instance /proc_sc_tb/uut/random_access_memory/ : Warning: NUMERIC_STD.TO_INTEGER: metavalue detected, returning 0
ISim P.20131013 (signature 0xfbc00daa)
This is a Full version of ISim.
# run 1000 ns
Simulator is doing circuit initialization process.
at 0 ps, Instance /proc_sc_tb/uut/data_path/if_stage/incrementor/ : Warning: NUMERIC_STD.TO_INTEGER: metavalue detected, returning 0
at 0 ps, Instance /proc_sc_tb/uut/data_path/dec_stage/RF/decoder_map/ : Warning: NUMERIC_STD.TO_INTEGER: metavalue detected, returning 0
at 0 ps, Instance /proc_sc_tb/uut/data_path/mem_stage/ : Warning: There is an 'U'|'X'|'W'|'Z'|'-' in an arithmetic operand, the result will be 'X'(es).
at 0 ps, Instance /proc_sc_tb/uut/random_access_memory/ : Warning: NUMERIC_STD.TO_INTEGER: metavalue detected, returning 0
at 0 ps, Instance /proc_sc_tb/uut/random_access_memory/ : Warning: NUMERIC_STD.TO_INTEGER: metavalue detected, returning 0
Finished circuit initialization process.
at 0 ps, Instance /proc_sc_tb/uut/random_access_memory/ : Warning: NUMERIC_STD.TO_INTEGER: metavalue detected, returning 0
# run 1.00us
at 1712 ns(2), Instance /proc_sc_tb/uut/random_access_memory/ : Warning: NUMERIC_STD.TO_INTEGER: metavalue detected, returning 0
# run 1.00us
ISim P.20131013 (signature 0xfbc00daa)
This is a Full version of ISim.
# run 1000 ns
Simulator is doing circuit initialization process.
at 0 ps, Instance /proc_sc_tb/uut/data_path/if_stage/incrementor/ : Warning: NUMERIC_STD.TO_INTEGER: metavalue detected, returning 0
at 0 ps, Instance /proc_sc_tb/uut/data_path/dec_stage/RF/decoder_map/ : Warning: NUMERIC_STD.TO_INTEGER: metavalue detected, returning 0
at 0 ps, Instance /proc_sc_tb/uut/data_path/mem_stage/ : Warning: There is an 'U'|'X'|'W'|'Z'|'-' in an arithmetic operand, the result will be 'X'(es).
at 0 ps, Instance /proc_sc_tb/uut/random_access_memory/ : Warning: NUMERIC_STD.TO_INTEGER: metavalue detected, returning 0
at 0 ps, Instance /proc_sc_tb/uut/random_access_memory/ : Warning: NUMERIC_STD.TO_INTEGER: metavalue detected, returning 0
Finished circuit initialization process.
at 0 ps, Instance /proc_sc_tb/uut/random_access_memory/ : Warning: NUMERIC_STD.TO_INTEGER: metavalue detected, returning 0
# run 1.00us
# run 1.00us
# run 1.00us
# run 1.00us
ISim P.20131013 (signature 0xfbc00daa)
This is a Full version of ISim.
# run 1000 ns
Simulator is doing circuit initialization process.
at 0 ps, Instance /proc_sc_tb/uut/data_path/if_stage/incrementor/ : Warning: NUMERIC_STD.TO_INTEGER: metavalue detected, returning 0
at 0 ps, Instance /proc_sc_tb/uut/data_path/dec_stage/RF/decoder_map/ : Warning: NUMERIC_STD.TO_INTEGER: metavalue detected, returning 0
at 0 ps, Instance /proc_sc_tb/uut/data_path/mem_stage/ : Warning: There is an 'U'|'X'|'W'|'Z'|'-' in an arithmetic operand, the result will be 'X'(es).
at 0 ps, Instance /proc_sc_tb/uut/random_access_memory/ : Warning: NUMERIC_STD.TO_INTEGER: metavalue detected, returning 0
at 0 ps, Instance /proc_sc_tb/uut/random_access_memory/ : Warning: NUMERIC_STD.TO_INTEGER: metavalue detected, returning 0
Finished circuit initialization process.
at 0 ps, Instance /proc_sc_tb/uut/random_access_memory/ : Warning: NUMERIC_STD.TO_INTEGER: metavalue detected, returning 0
# run 1.00us
# run 1.00us
# run 1.00us
ISim P.20131013 (signature 0xfbc00daa)
This is a Full version of ISim.
# run 1000 ns
Simulator is doing circuit initialization process.
at 0 ps, Instance /proc_sc_tb/uut/data_path/if_stage/incrementor/ : Warning: NUMERIC_STD.TO_INTEGER: metavalue detected, returning 0
at 0 ps, Instance /proc_sc_tb/uut/data_path/dec_stage/RF/decoder_map/ : Warning: NUMERIC_STD.TO_INTEGER: metavalue detected, returning 0
at 0 ps, Instance /proc_sc_tb/uut/data_path/mem_stage/ : Warning: There is an 'U'|'X'|'W'|'Z'|'-' in an arithmetic operand, the result will be 'X'(es).
at 0 ps, Instance /proc_sc_tb/uut/random_access_memory/ : Warning: NUMERIC_STD.TO_INTEGER: metavalue detected, returning 0
at 0 ps, Instance /proc_sc_tb/uut/random_access_memory/ : Warning: NUMERIC_STD.TO_INTEGER: metavalue detected, returning 0
Finished circuit initialization process.
at 0 ps, Instance /proc_sc_tb/uut/random_access_memory/ : Warning: NUMERIC_STD.TO_INTEGER: metavalue detected, returning 0
# run 1.00us
# run 1.00us
# run 1.00us
ISim P.20131013 (signature 0xfbc00daa)
This is a Full version of ISim.
# run 1000 ns
Simulator is doing circuit initialization process.
at 0 ps, Instance /proc_sc_tb/uut/data_path/if_stage/incrementor/ : Warning: NUMERIC_STD.TO_INTEGER: metavalue detected, returning 0
at 0 ps, Instance /proc_sc_tb/uut/data_path/dec_stage/RF/decoder_map/ : Warning: NUMERIC_STD.TO_INTEGER: metavalue detected, returning 0
at 0 ps, Instance /proc_sc_tb/uut/data_path/mem_stage/ : Warning: There is an 'U'|'X'|'W'|'Z'|'-' in an arithmetic operand, the result will be 'X'(es).
at 0 ps, Instance /proc_sc_tb/uut/random_access_memory/ : Warning: NUMERIC_STD.TO_INTEGER: metavalue detected, returning 0
at 0 ps, Instance /proc_sc_tb/uut/random_access_memory/ : Warning: NUMERIC_STD.TO_INTEGER: metavalue detected, returning 0
Finished circuit initialization process.
at 0 ps, Instance /proc_sc_tb/uut/random_access_memory/ : Warning: NUMERIC_STD.TO_INTEGER: metavalue detected, returning 0
# run 1.00us
# run 1.00us
# run 1.00us
